20230330	16:14:30	46bdc5b5-e6e1-49ca-806a-efc2f30529da	GET	undefined	/
20230330	16:16:24	93fa8bef-abcb-45a3-bf20-2ee2e95848c4	OPTIONS	https://www.google.de	/
20230330	16:16:24	10f94855-cb7c-4ce0-aa8c-121913ab96fc	GET	https://www.google.de	/
20230330	16:17:13	3a67c734-5426-41eb-b01f-8ada97db0ed6	OPTIONS	https://www.google.de	/
20230330	16:17:13	42484d40-d278-4480-a0e3-25c328cd6362	GET	https://www.google.de	/
20230330	16:21:18	69fd078e-9466-4e3f-a71e-299d2dd9bf7a	GET	undefined	/
20230330	16:21:21	68856c93-3226-44a4-851c-be561c94f45d	GET	undefined	/
20230330	16:21:22	d2fb066d-df55-4e48-b29b-51ed0f38b81d	GET	undefined	/
20230330	16:21:30	c5457e02-6abc-4b93-bd1b-ebe9d1eaf415	GET	undefined	/
20230330	16:22:52	034bffe5-acfd-4d6a-9489-2a6bb6c91532	GET	undefined	[object Object]
20230330	16:23:19	3d77f462-b964-4e26-8d89-c4308137f695	GET	[object Object]	/
20230330	18:17:02	39b6afcd-b80c-44b8-b539-d33e2f711666	GET	undefined	/
20230330	18:20:36	0b05d8e1-619d-4f6c-9078-3d33d928c7fd	GET	undefined	/
20230330	18:22:43	4bcf0bcc-2b42-4dc1-a677-5c958b28339a	GET	undefined	/
20230330	18:22:43	2916991e-401f-4a75-96d6-ec0a8e4cf906	GET	undefined	/favicon.ico
20230330	18:22:56	d1b013c4-98a1-44bf-8dfd-62bebf5e9dcd	GET	undefined	/
20230330	18:22:57	a62e9622-4e58-492a-b501-3ad677bb80f6	GET	undefined	/
20230330	18:22:57	e6a47c1c-bc2a-44bb-9810-c684dec17bf5	GET	undefined	/
20230330	18:22:58	8f6c9ba3-3de0-4719-b515-e92afe0979c4	GET	undefined	/
20230330	18:22:58	5bf3abb4-a992-492b-a3f6-0d4297bfc316	GET	undefined	/
20230330	18:22:59	b8ace65f-b07a-4e0f-870d-504fe3ba6f07	GET	undefined	/
20230330	18:22:59	74d79c7c-3eb1-4cfe-91b2-c72a20d9c37c	GET	undefined	/
20230330	18:23:00	8d6f257e-6a42-4cd3-9c82-e8f6c520de22	GET	undefined	/
20230330	18:23:16	8ee0ce83-2725-4e64-abfb-7810b4c91b86	GET	undefined	/
20230330	18:24:17	3ad74c8d-3006-4cbf-975d-b40a597bb520	GET	undefined	/
20230330	18:24:51	a3d8a158-33b6-44b9-a720-724d097a1396	POST	undefined	/register
20230330	18:25:36	85b9aaaa-2fdd-46ff-955d-681e25536193	POST	undefined	/register
20230330	18:30:53	a6854733-e162-4413-b696-08d34ef7522b	POST	undefined	/register
20230330	18:31:42	732233ee-329f-44ee-b143-5b3ebcd223f1	POST	undefined	/register
20230330	18:35:14	8976f761-f20c-44cd-b4f4-7ce472476dc7	POST	undefined	/register
20230330	23:10:59	4cf8a8e4-a704-4d1e-8470-761711a58974	POST	undefined	/register
20230330	23:11:33	889aeecb-6b5b-4332-b1d3-ca117dbe64d9	POST	undefined	/register
20230330	23:12:33	0bbdff66-5d2c-4e0b-9126-81f989984f83	POST	undefined	/register
20230330	23:12:45	61e98b44-ee66-454b-b5e3-94263d6d8aa2	POST	undefined	/register
20230330	23:18:53	fabd48a1-1618-49d0-8588-3929c423afe3	POST	undefined	/register
20230330	23:20:02	6b5926da-7797-4a1e-943d-9ae00dbaa39c	POST	undefined	/register
20230330	23:20:04	ef2aeac2-4e39-4852-b491-8d3e7319c14c	POST	undefined	/register
20230330	23:20:09	a7d7005a-c8b3-475b-b83e-3fc90338ad7a	POST	undefined	/register
20230330	23:42:01	61936950-732b-42d7-88a5-ad2418b0004f	GET	undefined	/authentication/login
20230330	23:42:19	e0cba06f-9e63-4c70-9794-a06ba0017256	GET	undefined	/authentication/login
20230330	23:42:22	c5f50ee2-7bb4-4d4e-b0e0-5fcb51a53a68	GET	undefined	/authentication
20230330	23:42:29	3eb8d2fe-8933-44b8-930e-be6551619754	GET	undefined	/login
20230330	23:42:44	11fccc5a-13fa-46f1-9634-4dbe420efe25	POST	undefined	/authentication/login
20230330	23:42:53	5ae5f5b5-81db-4f61-9bf4-7a4109d407d4	POST	undefined	/authentication/login
20230330	23:43:13	133296bc-6be2-408d-8912-688bb3ef2ff4	POST	undefined	/authentication/login
20230330	23:43:18	1ea5f758-8978-4c6e-8228-64e3bffa8e04	POST	undefined	/authentication/login
20230330	23:43:37	ca31f05d-60e2-4a5c-a1e5-dfe77e5ec36f	POST	undefined	/authentication/login
20230330	23:43:43	306d3701-ee93-4029-807f-7478409c546d	POST	undefined	/authentication/login
20230330	23:43:46	d4c0dd36-06a3-4d24-8f42-083d8662e113	POST	undefined	/authentication/login
20230330	23:43:48	80958855-c781-42a6-a962-26b2988908e1	POST	undefined	/authentication/login
20230330	23:44:01	1190f01b-7548-414b-9a8e-989605a26c2d	POST	undefined	/authentication/login
20230330	23:44:50	7a2eb0f8-1080-4363-aebf-d301c3f8a47e	POST	undefined	/authentication/login	[object Object]
20230330	23:45:12	72d860a2-8cd7-43e8-85b8-c9f8d98cc138	POST	undefined	/authentication/login	function status(code) {
  if ((typeof code === 'string' || Math.floor(code) !== code) && code > 99 && code < 1000) {
    deprecate('res.status(' + JSON.stringify(code) + '): use res.status(' + Math.floor(code) + ') instead')
  }
  this.statusCode = code;
  return this;
}
20230330	23:45:56	2273bad8-fcff-433b-93c7-01a91431f3c7	GET	undefined	/	function status(code) {
  if ((typeof code === 'string' || Math.floor(code) !== code) && code > 99 && code < 1000) {
    deprecate('res.status(' + JSON.stringify(code) + '): use res.status(' + Math.floor(code) + ') instead')
  }
  this.statusCode = code;
  return this;
}
20230330	23:45:56	87d6344b-2800-4cc2-9cf3-342539b66911	GET	undefined	/favicon.ico	function status(code) {
  if ((typeof code === 'string' || Math.floor(code) !== code) && code > 99 && code < 1000) {
    deprecate('res.status(' + JSON.stringify(code) + '): use res.status(' + Math.floor(code) + ') instead')
  }
  this.statusCode = code;
  return this;
}
20230330	23:48:52	7dbc942b-f0a6-42b6-9046-ad8302ef188b	GET	undefined	/	undefined
20230330	23:49:30	0a5e13e8-3eb8-4d68-8028-32811192cfa0	GET	undefined	/	[object Object]
20230330	23:49:48	f49f8e35-de03-4285-8477-a2961406e420	POST	undefined	/authentication/login
20230331	14:46:22	0432609d-5c41-460d-8663-691351666cb1	GET	undefined	/upload/single
20230331	14:46:27	8c17a6bd-dd92-4b88-8bf1-94b61379836e	POST	undefined	/upload/single
20230331	14:46:46	983fa757-e591-4ed1-980e-96a2cada83ea	POST	undefined	/upload/single
20230331	14:47:06	a56b7996-4e47-41d4-a147-de55f4b529cf	POST	undefined	/upload/single
20230331	14:47:12	d38d96e8-e0b2-4ab9-9594-387ee3774f0e	POST	undefined	/upload/single
20230331	14:47:55	a10d2b7a-3a48-4b52-966b-40fd98a2a314	POST	undefined	/upload/single
20230331	14:49:29	1a5ce23e-d05c-4190-bc78-21af94554cc5	POST	undefined	/upload/single
20230331	14:49:43	25ab4495-dea2-4683-90d6-09d9344f5672	POST	undefined	/upload/single
20230331	14:49:46	326aff21-52dc-4b9c-b25d-b0bf3d433ff3	POST	undefined	/upload/single
20230331	14:50:06	1ac9f358-4201-407e-94ea-bfbe011f9902	POST	undefined	/upload/single
20230331	14:50:08	e5a98346-1398-48bc-8344-922ed41aabd8	POST	undefined	/upload/single
20230331	14:51:48	d33dfbed-f009-4cdb-93a6-dedf62ec98f1	POST	undefined	/upload/single
20230331	15:03:14	d57e40bf-928f-416a-944f-57195bb2e99c	POST	undefined	/upload/single
20230331	15:03:20	7621c798-60ec-41e5-b778-d20ec2c33efb	POST	undefined	/upload
20230331	15:04:00	a769c42f-fff8-4d6b-96f3-2fd082361201	POST	undefined	/upload
20230331	15:04:36	a5811322-b77f-4d5c-b858-19863998319a	POST	undefined	/upload
20230331	15:08:20	3b3905ed-56a9-4443-ad4c-50561bbeeadf	POST	undefined	/upload
20230331	15:08:26	48ed3820-5d73-454b-a643-861c05764b55	POST	undefined	/upload
20230331	15:19:26	ae7dc4a2-4461-4ddc-95dc-873f15a3669c	POST	undefined	/upload
20230331	15:19:39	d728e5f3-710f-4831-9dc6-117c098e0517	POST	undefined	/upload
20230331	15:19:41	829ed748-b136-4705-bdc6-335d05a8a4b0	POST	undefined	/upload
20230331	15:19:41	22c6a031-3242-412a-bcb7-fb9f92891a69	POST	undefined	/upload
20230331	15:19:42	d1c3794b-0036-4e09-b154-0494a3e0dd76	POST	undefined	/upload
20230331	15:19:48	06dbfe12-51a6-4794-aea6-1981692d9946	POST	undefined	/upload
20230331	15:19:58	0097fa2f-6b4e-466b-9a5d-76d7d6cefce2	POST	undefined	/upload
20230331	15:20:14	597d8244-474f-40e3-af34-19224d199950	POST	undefined	/upload
20230331	15:20:21	1d8eee14-4c14-420a-868b-cff9a3a4cd8b	POST	undefined	/upload
20230331	15:20:38	1b44b39c-09d6-4a42-9d83-57872d11785b	POST	undefined	/upload
20230331	15:20:47	4916695a-24f9-4867-ab83-7b9a3ee463d3	POST	undefined	/upload
20230331	15:22:35	d43c2a4d-dcc6-4da9-8e91-a5bd7b3bbdf1	POST	undefined	/upload
20230331	15:23:27	c6c72546-09b3-4573-8895-cbf2c6b5d2b1	POST	undefined	/upload
20230331	15:25:10	4433e40d-76e1-43f6-9c1b-36c8876cff65	POST	undefined	/upload
20230331	15:25:39	39a70d6c-928b-4972-bb09-0bdc4c0036fe	POST	undefined	/upload
20230331	15:25:51	cbdac72d-b3ac-4c62-ad5c-a6e1be803519	POST	undefined	/upload
20230331	15:26:18	ce2ae2d1-a19c-49af-8358-0a1d758c8e7d	POST	undefined	/upload
20230331	15:27:37	b1e671ae-b68f-40ac-b9d6-8c0e62cc4047	POST	undefined	/upload
20230331	15:29:53	0eeb9550-a99f-4f91-b86d-21a716ffc34e	POST	undefined	/upload
20230331	15:32:28	dd30b2c1-a983-4649-8df6-6e474b0698c1	POST	undefined	/upload
20230331	15:33:16	b7c4aecf-8a27-4b68-b373-9bf0468737e4	POST	undefined	/upload
20230331	15:53:58	da357218-b894-4581-9ad2-e259272fa599	POST	undefined	/upload
20230331	15:54:05	fa4db4eb-a038-4735-b461-90fcf7f419a0	POST	undefined	/upload
20230331	15:54:12	bf8fb5c1-bbec-4cf3-aec4-bea7358d205c	POST	undefined	/upload
20230331	15:55:30	a1bfbc59-8797-474f-8c23-250087fcc3f5	POST	undefined	/upload
20230331	15:59:49	a27a0de9-9ac1-43af-a573-71a8788d2258	POST	undefined	/upload
20230331	16:50:24	bc9f0978-ff17-43ad-ac36-2b6994e81a66	POST	undefined	/upload
20230331	16:56:17	cc72c153-8647-4456-b371-6ea68100da9f	POST	undefined	/upload
20230331	16:56:26	052e83f6-5be8-4238-bc18-83a4ea86fc6d	POST	undefined	/upload
20230331	16:57:26	2c6ecfe9-c39a-472d-931b-359270703cdd	POST	undefined	/upload
20230331	16:57:44	c7d69d5a-1e2d-410a-9c51-ef8a660aefc0	POST	undefined	/upload
20230331	16:58:15	c67b67ed-d696-4c40-abae-40da684e15bb	POST	undefined	/upload
20230331	16:59:03	d3082a4a-6539-451e-b162-39a7e08ea48a	POST	undefined	/upload
20230331	16:59:40	0eb413da-8a18-4729-9cba-4bdc49e45ab2	POST	undefined	/upload
20230331	17:00:03	9eaabb2b-39a9-4640-94f6-22efe72e10c1	POST	undefined	/upload
20230331	17:00:36	39bf677d-451e-48be-ab55-75b27066da71	POST	undefined	/upload
20230331	17:00:40	f627a6eb-e7bf-41ce-a5a2-70feeb75289f	POST	undefined	/upload
20230331	17:07:02	d4cab842-597e-4b2f-959e-5d44a84c0d52	POST	undefined	/upload
20230331	17:09:48	cb83f59c-a3d4-46cd-b226-6694f7361ae5	POST	undefined	/upload
20230331	17:29:47	d667ecfe-f75f-419f-ac9a-c00a3b74b524	POST	undefined	/upload
20230331	17:30:38	02674124-9dbd-4ab8-a1b1-3f5154bce10b	POST	undefined	/upload
20230331	17:30:40	2a0d41ba-f027-4eb6-b405-38e2d3acae08	POST	undefined	/upload
20230331	17:30:41	a4848720-f42b-4771-bb17-f8aa9378cec1	POST	undefined	/upload
20230331	17:42:27	781df327-5838-431b-8875-45b5315b2d59	GET	undefined	/file/
20230331	17:42:33	eba4adcc-9306-4052-a968-baa840744017	GET	undefined	/file/1
20230331	17:43:07	337fdcc8-0a7a-4aa3-8343-a9d72549277c	GET	undefined	/file/6426fc9ea7dc28d70d5b529e
20230331	17:54:57	7a971904-b8a3-43ce-84f1-2cfbc89a9654	GET	undefined	/file/6426fc9ea7dc28d70d5b529e
20230331	17:56:43	3de6dca1-2d04-4500-95fa-a9b315821b43	GET	undefined	/file/6426fc9ea7dc28d70d5b529e
20230331	17:58:30	807ee733-a845-4bfe-8f47-360171cf25ec	GET	undefined	/file/6426fc9ea7dc28d70d5b529e
20230331	17:58:53	651b218e-de02-48b4-8a88-6cbbd9152ef2	GET	undefined	/file/6426fc9ea7dc28d70d5b529e
20230331	18:04:20	7c646e76-d9fa-4652-971b-ad440fc54b5e	POST	undefined	/upload
20230331	18:08:45	803308c5-03c0-4406-94f0-884427b0c00e	POST	undefined	/upload
20230331	18:09:03	8e4dcbd0-20b1-40cc-9f8b-97774720aa25	POST	undefined	/upload
20230331	18:09:37	bd8a10db-ffd9-4010-94d7-16277217a00d	POST	undefined	/upload
20230331	18:12:12	6a5dc097-2f65-4223-9888-baf451e834a7	POST	undefined	/upload
20230401	12:26:33	54bc01ee-890b-42a1-8e49-8273b9bd2cfd	POST	undefined	/upload
20230401	12:28:21	2f3f7e0f-96a5-4e8b-819d-cbb015dc44f2	POST	undefined	/upload
20230401	12:28:31	0473440f-25ea-4858-ae64-ccc56e62aa50	GET	undefined	/file/64280745396d3e5d935d2f0f
20230401	12:28:31	2eac48e9-1a20-4918-b7a7-2b605aab37bb	GET	undefined	/favicon.ico
20230401	12:32:38	b41915d2-b9f0-4da1-b11f-bd5f74ac8acb	GET	undefined	/file/64280745396d3e5d935d2f0f
20230401	12:39:27	26247639-1231-4565-b5a2-490cf6d43e22	GET	undefined	/file/64280745396d3e5d935d2f0f
20230401	12:39:54	b34484e0-0069-43c0-9a32-403d0f24b42a	GET	undefined	/file/64280745396d3e5d935d2f0f
20230401	12:40:35	0924670b-ee64-4b43-81ce-43ec468eb327	POST	undefined	/upload
20230401	12:40:57	d5772f8b-0690-4678-b687-5f104302c00d	POST	undefined	/upload
20230401	12:41:10	260a348a-8c8d-4175-92bd-a2347cdc9fbe	POST	undefined	/upload
20230401	12:41:47	d24b0b6d-c9d2-4f8b-b6ba-4fad5c676682	POST	undefined	/upload
20230401	12:41:54	f83e2e86-bfa2-4c5d-a45f-08061358ce7e	GET	undefined	/file/64280a6b643099d08e0ce8d4
20230401	12:42:00	0af8252d-efaa-413b-a5f2-0688a11f13c2	GET	undefined	/file/64280a6b643099d08e0ce8d4
20230401	12:42:01	34a2d395-e44a-437f-9e5e-0b851c9d0c48	GET	undefined	/file/64280a6b643099d08e0ce8d4
20230401	12:42:02	3c17c4a1-4d0b-44b1-8f9b-9d0a0e1597dc	GET	undefined	/file/64280a6b643099d08e0ce8d4
20230401	12:42:02	4b502bcb-3a0a-4739-a5ba-32fab9955367	GET	undefined	/file/64280a6b643099d08e0ce8d4
20230401	12:42:03	6fc3cace-47aa-4ba1-9f09-f7fb0fe56d33	GET	undefined	/file/64280a6b643099d08e0ce8d4
20230401	12:42:03	b7ba4c6c-342b-4d37-906c-054dae738017	GET	undefined	/file/64280a6b643099d08e0ce8d4
20230401	12:42:04	0ae357df-fc2e-4f61-9b26-707ae809ab6f	GET	undefined	/file/64280a6b643099d08e0ce8d4
20230401	12:42:04	0f6ab391-6620-498c-b7be-4cfabd39d735	GET	undefined	/file/64280a6b643099d08e0ce8d4
20230401	12:42:05	be4c8e0d-1cfd-4a16-93ff-e4fdace8a1a4	GET	undefined	/file/64280a6b643099d08e0ce8d4
20230401	12:42:05	fcf8ee81-f912-4ab4-9805-7922947144f4	GET	undefined	/file/64280a6b643099d08e0ce8d4
20230401	12:42:06	01b3b215-d72b-4025-b7c9-5e16fed7d81a	GET	undefined	/file/64280a6b643099d08e0ce8d4
20230401	12:42:06	feb32534-e310-4545-8ff2-cfc7b547579b	GET	undefined	/file/64280a6b643099d08e0ce8d4
20230401	12:42:07	d1d9e6e3-7c65-4197-ad94-94e715e63677	GET	undefined	/file/64280a6b643099d08e0ce8d4
20230401	12:42:07	83099312-ce1b-43a5-a756-8d2a083b934c	GET	undefined	/file/64280a6b643099d08e0ce8d4
20230401	12:42:08	340dd766-4573-434e-b891-d88e90ccc04c	GET	undefined	/file/64280a6b643099d08e0ce8d4
20230401	12:42:08	868ca275-67e2-40df-a01e-6b72d612626b	GET	undefined	/file/64280a6b643099d08e0ce8d4
20230401	12:42:09	39b3e004-de8b-45a3-879a-5f5b2eb8d287	GET	undefined	/file/64280a6b643099d08e0ce8d4
20230401	12:42:09	100e5b2a-07cd-4a14-a961-283ded25a7f1	GET	undefined	/file/64280a6b643099d08e0ce8d4
20230401	12:42:09	6928b6b8-94a2-40dd-87ae-fffba463bc41	GET	undefined	/file/64280a6b643099d08e0ce8d4
20230401	12:42:10	a0f36f7a-4061-4d22-910a-6fd992205396	GET	undefined	/file/64280a6b643099d08e0ce8d4
20230401	12:42:10	5203b6c3-3806-4bd6-b2df-d06de7f07514	GET	undefined	/file/64280a6b643099d08e0ce8d4
20230401	12:42:10	e03e440c-f945-4e55-b85e-15b060ef003b	GET	undefined	/file/64280a6b643099d08e0ce8d4
20230401	12:42:11	64ee05fe-73b6-463b-8460-5418078c3d8a	GET	undefined	/file/64280a6b643099d08e0ce8d4
20230401	12:42:11	1958f6e3-b0e3-4693-9bcb-c70eb0bb794b	GET	undefined	/file/64280a6b643099d08e0ce8d4
20230401	12:42:11	7b2c9ea3-efe5-4874-9955-109fb9441b5c	GET	undefined	/file/64280a6b643099d08e0ce8d4
20230401	12:42:12	057cb3fa-acad-4c07-960c-f4d0b91b83e9	GET	undefined	/file/64280a6b643099d08e0ce8d4
20230401	12:42:12	3481dc14-b9bb-40a9-9201-684569659f49	GET	undefined	/file/64280a6b643099d08e0ce8d4
20230401	12:42:12	df48785c-9f18-4cb4-b147-8fad98d8f338	GET	undefined	/file/64280a6b643099d08e0ce8d4
20230401	12:42:13	f430f3af-e47e-43cd-ac96-958e38d59bae	GET	undefined	/file/64280a6b643099d08e0ce8d4
20230401	12:42:13	75ff6114-5565-4f43-8c9f-5828d2a766c5	GET	undefined	/file/64280a6b643099d08e0ce8d4
20230401	12:42:13	f4cc3f9d-9381-476e-8ea9-ce064cfceb95	GET	undefined	/file/64280a6b643099d08e0ce8d4
20230401	12:42:14	7bd40b78-d00f-4989-9dee-37c103d6c78f	GET	undefined	/file/64280a6b643099d08e0ce8d4
20230401	12:42:14	7ea827f4-8861-413b-b41d-25b9581ff702	GET	undefined	/file/64280a6b643099d08e0ce8d4
20230401	12:42:14	e8b888f2-165d-4f69-b420-2924ff68ec0d	GET	undefined	/file/64280a6b643099d08e0ce8d4
20230401	12:42:16	0ff43b5c-3fc0-43fa-8b71-956782a36421	GET	undefined	/file/64280a6b643099d08e0ce8d4
20230401	12:42:16	54f8ac08-8d0c-4d0a-93ed-a739e0168e2b	GET	undefined	/file/64280a6b643099d08e0ce8d4
20230401	12:42:17	3c8b0c24-0274-4109-ad84-54fb922569f0	GET	undefined	/file/64280a6b643099d08e0ce8d4
20230401	12:44:23	f4d0cc90-61a8-486d-99f2-ee565f8ed9aa	GET	undefined	/file/64280a6b643099d08e0ce8d4
20230401	12:45:15	c79a8d17-ffcf-4b55-8609-7c54b451dd5b	GET	undefined	/file/64280a6b643099d08e0ce8d4
20230401	12:45:24	48999c97-4e82-472f-a090-7bc55ec44f92	GET	undefined	/file/64280a6b643099d08e0ce8d4
20230401	12:46:06	f13353f4-fa2b-4465-8852-8f1fd12fe1bc	GET	undefined	/file/64280a6b643099d08e0ce8d4
20230401	12:48:14	0fed9f96-3cd1-4086-8a97-00ad5fee3859	GET	undefined	/file/64280a6b643099d08e0ce8d4
20230401	12:48:16	3d225788-4bc2-44be-9515-8e9a5a202e5e	GET	undefined	/file/64280a6b643099d08e0ce8d4
20230401	12:48:17	336fb236-2e02-41aa-9891-4fe4385c2326	GET	undefined	/file/64280a6b643099d08e0ce8d4
20230401	12:48:18	0638d000-37c9-44b8-b635-c2aeaee86259	GET	undefined	/file/64280a6b643099d08e0ce8d4
20230401	12:48:18	4ee9da41-c031-497d-998a-316ce6fdb6ea	GET	undefined	/file/64280a6b643099d08e0ce8d4
20230401	12:48:19	bb1cc140-611b-47f7-83a4-7d591bcea470	GET	undefined	/file/64280a6b643099d08e0ce8d4
20230401	12:48:19	c68ed80a-3f7e-4d49-994d-a3ba78ec3b0d	GET	undefined	/file/64280a6b643099d08e0ce8d4
20230401	12:48:20	15fa0544-0b37-4c02-bdc8-a89de5e243b6	GET	undefined	/file/64280a6b643099d08e0ce8d4
20230401	12:48:30	a53fcc1e-9c10-4c19-8f49-ce357f5c9bd5	GET	undefined	/file/64280a6b643099d08e0ce8d4
20230401	12:48:42	ad4e64e7-f2d1-45dc-acac-719aa0b740d3	POST	undefined	/upload
20230401	12:48:58	4083be2e-11a9-4f20-aa59-691427f3397b	POST	undefined	/upload
20230401	12:49:10	0e02d6e1-66e5-4a59-b6fd-649c5bae6219	GET	undefined	/file/64280c1a45b23234c53379d0
20230401	12:54:36	cd90677c-da71-48f0-b447-a51b0855fd81	GET	undefined	/file/64280745396d3e5d935d2f0f
20230401	12:55:18	307f6803-d68e-49cf-85d3-25b54dbabe68	GET	undefined	/file/64280745396d3e5d935d2f0f
20230401	12:55:21	ce484a34-686f-45c4-8aa3-723bdc6d2255	GET	undefined	/file/64280745396d3e5d935d2f0f
20230401	12:56:31	11f892b7-6f61-4127-ad76-75f30f4449a6	GET	undefined	/file/64280745396d3e5d935d2f0f
20230401	12:59:53	71e91d8d-5213-42f9-b7ce-526c52da7e1b	GET	undefined	/file/64280745396d3e5d935d2f0f
20230401	13:00:52	1c5eaef3-1ac8-4ffd-a719-dac71d8d5baa	GET	undefined	/file/64280745396d3e5d935d2f0f
20230401	13:19:32	79f48bd3-2d5b-42ef-ae23-5ad5456e0b51	POST	undefined	/authentication/login
20230401	13:20:42	b2bab66c-f001-42dd-94f7-e01be14c13ad	POST	undefined	/authentication/login
20230401	13:21:11	26470580-991d-41ff-9588-5a295d8d5681	POST	undefined	/authentication/login
20230401	13:26:45	0d487f55-e30f-4f73-87e2-c8e310b1549b	POST	undefined	/authentication/login
20230401	15:01:25	63023636-6031-414a-ba5b-a10b03020206	GET	undefined	/file/6426fc9ea7dc28d70d5b529e
20230401	15:01:44	feb80fe5-5e59-4066-9cc4-70a6943d5e2b	POST	undefined	/upload
20230401	15:01:52	e4f1ea80-c0b4-4a1b-a876-9ca92e9e2c8a	GET	undefined	/file/64282b38d3ba091925cdfa27
20230401	15:02:03	019e8388-bbdb-4bca-835e-3d6474e102b7	POST	undefined	/authentication/login
20230401	15:02:24	1331526d-6416-4a11-b198-83a31e71cc27	POST	undefined	/authentication/login
20230401	15:02:49	854d5995-64d4-42df-9ab7-dcbb42685a4c	GET	undefined	/file/64282b38d3ba091925cdfa27
20230401	15:03:08	868edd78-a0bd-4e0d-a199-a90a1f0e897d	POST	undefined	/authentication/login
20230401	15:03:16	b054e544-5304-441e-856d-1d4a3a7ffd39	GET	undefined	/file/64282b38d3ba091925cdfa27
20230401	15:04:14	2526cc84-847c-41e3-88fa-0630f4ce7d8f	GET	undefined	/file/64282b38d3ba091925cdfa27
20230401	15:21:53	0817b4a5-c564-4602-acd6-e210babf8a14	POST	undefined	/authentication/login
20230401	15:22:10	88cbae45-0425-4a63-ae9d-3b9a0f2f48ec	GET	undefined	/file/64282b38d3ba091925cdfa27
20230401	15:22:31	1777481c-e8fe-4573-b708-c5dcee0a2f77	GET	undefined	/file/64282b38d3ba091925cdfa27
20230401	15:23:20	47e6078d-6f6e-4e0c-b28b-5a923ecb419e	GET	undefined	/file/64282b38d3ba091925cdfa27
20230401	15:23:21	49bfcaed-1282-45f3-9e9d-87ea818b5827	GET	undefined	/authentication/refresh
20230401	15:25:21	caf4d8ac-4a18-4ae2-8e1a-de0aee210899	POST	undefined	/authentication/login
20230401	15:25:49	eb54acde-7893-4b5d-a834-12375d3d2cc5	GET	undefined	/authentication/refresh
20230401	15:25:50	173c8b69-f727-44bc-a6e7-a46b996898be	GET	undefined	/authentication/refresh
20230401	15:25:51	2ba576a2-e931-4239-8de7-6d0279c30b22	GET	undefined	/authentication/refresh
20230401	15:25:51	2ef45ea1-cf93-412a-92b2-55aeb99e36aa	GET	undefined	/authentication/refresh
20230401	15:25:59	0a23da4a-492f-462e-8aed-f93cc0b2ea7c	GET	undefined	/authentication/refresh
20230401	15:27:53	8945e175-cd16-4db3-ba75-687695abab22	GET	undefined	/authentication/refresh
20230401	15:27:54	bfe3e68a-14f4-4b4d-bd3e-f4f8f5d5a134	GET	undefined	/authentication/refresh
20230401	15:27:54	7d793abd-f7a0-4714-9cc5-9844fe3281fc	GET	undefined	/authentication/refresh
20230401	15:27:54	b990ff53-9af9-4098-8faf-bf95077f479b	GET	undefined	/authentication/refresh
20230401	15:28:00	6b1372dd-f7eb-43d8-bcfa-289d43a535d1	POST	undefined	/authentication/login
20230401	15:28:02	c174b5f3-e06c-4f2e-a951-af518b3ff062	GET	undefined	/authentication/refresh
20230401	15:32:05	29e502f8-c04b-4423-a2e9-44af7fc3bc76	POST	undefined	/authentication/login
20230401	15:32:16	bee42c08-f0c8-431d-9ad8-bdbdc75216d6	POST	undefined	/authentication/login
20230401	15:32:20	734d5591-9146-4d64-b50a-c58a0a8ce5fe	GET	undefined	/authentication/refresh
20230401	15:32:21	af91e6d8-0550-48a8-b6ef-076a829b9f04	GET	undefined	/authentication/refresh
20230401	15:32:21	048819a2-7e00-4665-b990-b14de0407445	GET	undefined	/authentication/refresh
20230401	15:32:21	b1de315a-e984-4a7d-9f34-8e45971a1131	GET	undefined	/authentication/refresh
20230401	15:38:53	d4a271b3-3384-49cb-b29f-8a8d8fe128e6	GET	undefined	/
20230401	15:39:32	d25c0ca1-96dd-4ff5-ad95-44e64bb40f62	POST	undefined	/authentication/login
20230401	15:40:54	ae2ec745-863b-4cd1-8fac-a225de532cef	POST	undefined	/authentication/login
20230401	15:40:56	a93ee42a-c5c0-4f7e-8c18-34236df405ab	GET	undefined	/authentication/refresh
20230401	15:42:07	5bb9798a-ea64-4b43-bcbe-48d6e3575fd7	POST	undefined	/authentication/login
20230401	15:43:23	5d0cde55-5d24-4b19-b9a4-aef25a3218e4	GET	undefined	/authentication/refresh
20230401	15:43:41	24691853-ccff-4239-99e0-50a3199e7d12	GET	undefined	/authentication/refresh
20230401	15:45:00	760c30ff-7d2b-49fe-bf26-836aa2a8f1aa	GET	undefined	/authentication/refresh
20230401	15:45:19	02e178a1-8c87-4b15-aac3-ed7965d705b4	GET	undefined	/authentication/refresh
20230401	15:45:22	4ca390f6-7eda-4420-b354-c797773476d4	GET	undefined	/authentication/refresh
20230401	15:45:49	0dbb43d8-d809-416d-8bee-5d7f6eaa7bf7	GET	undefined	/authentication/refresh
20230401	15:46:06	17af0197-acee-4144-9d1f-6ae5fbd50b8d	POST	undefined	/authentication/login
20230401	15:46:09	94695c1b-c9cd-4085-85bd-583cb45c5c49	GET	undefined	/authentication/refresh
20230401	15:46:30	684a02ae-1b55-4150-b905-ea8273d33f3d	GET	undefined	/authentication/refresh
20230401	15:46:31	43d52340-1dd0-4e2e-945d-8c45c87f732b	GET	undefined	/authentication/refresh
20230401	15:46:32	9080c16a-113c-4364-81ff-41a7e35b509f	GET	undefined	/authentication/refresh
20230401	15:46:32	7914a3b8-cd90-4a53-a6d3-9c1770467908	GET	undefined	/authentication/refresh
20230401	15:46:33	08a505f6-8e3b-4a4f-b8fd-0b665cb76b26	GET	undefined	/authentication/refresh
20230401	15:46:33	4fec4dbb-cc5a-42f8-85a2-7561b534fc8d	GET	undefined	/authentication/refresh
20230401	15:46:34	dfa617c7-d2f1-4e22-9ed4-fb40ff433808	GET	undefined	/authentication/refresh
20230401	15:46:34	c4dc2254-6ebe-4d5b-9cde-8e6478cdde4d	GET	undefined	/authentication/refresh
20230401	15:46:35	e0e2e09e-ab77-4373-9a44-3249be3431f6	GET	undefined	/authentication/refresh
20230401	15:46:55	f822a26c-d4bd-48f9-8a6d-94c07c2be4fb	GET	undefined	/authentication/refresh
20230401	15:50:48	6da8fe8f-0bf6-4b6c-ba86-58a30599cc09	GET	undefined	/file/64282b38d3ba091925cdfa27
20230401	15:51:15	bd34cdba-c200-4dfc-abdc-eb850e3ad525	GET	undefined	/file/64282b38d3ba091925cdfa27
20230401	15:55:02	1c857a95-bc95-4cbf-9831-f6d25c4632c6	POST	undefined	/upload
20230401	15:55:06	c1306a43-66e9-4614-97e2-57c20876c583	GET	undefined	/file/642837b6f753bb13537f4668
20230401	15:58:10	1aa3de24-389b-4b58-9a02-2bfbfb976a2c	GET	undefined	/authentication/refresh
20230401	15:58:41	dc7300fe-75be-4d91-84d4-b1dfba61bf60	GET	undefined	/authentication/refresh
20230401	16:12:26	53093049-4fd9-415b-8bc3-230ededb2616	POST	undefined	/authentication/login
20230401	16:12:29	25a32e16-0b46-4640-bf30-4073f146a57d	GET	undefined	/authentication/refresh
20230401	16:13:23	897413ee-23fb-4439-857a-96670f5f866b	GET	undefined	/authentication/logout
20230401	16:14:52	33831a49-8403-4e7a-97eb-bb8ce137b750	GET	undefined	/authentication/logout
20230401	16:15:32	dd74e53a-6075-434d-96da-179d39616126	GET	undefined	/authentication/logout
20230401	16:15:44	6a35adb2-597c-45aa-8ac0-d0022ac232f6	GET	undefined	/authentication/refresh
20230401	16:17:11	e7dc4ee3-aee8-4ad4-8ad7-e85006fbfdac	GET	undefined	/authentication/refresh
20230401	16:17:13	3637ddca-24a4-4214-b248-4908117ae688	GET	undefined	/authentication/logout
20230401	16:17:15	389fae72-f2c9-4e5a-99c5-bd93579fd253	GET	undefined	/authentication/logout
20230401	16:17:16	59490281-1a9d-4139-8a2c-905722a585e2	GET	undefined	/authentication/logout
20230401	16:17:17	568bc316-4d43-4328-bcc3-8c005dd3062a	GET	undefined	/authentication/logout
20230401	16:17:17	8dfa1d1a-2cf1-43f2-a159-9c4e9df173a7	GET	undefined	/authentication/logout
20230401	16:17:18	12e82e26-f8da-4253-b62a-5c276581e0b6	GET	undefined	/authentication/logout
20230401	16:17:20	b0d1ed13-43ad-494a-bba0-1e464dc2c0aa	GET	undefined	/authentication/logout
20230401	16:17:20	6ea43dee-94d4-4cd0-8e98-e75dee82aeb2	GET	undefined	/authentication/logout
20230401	16:17:20	ec6009e3-fdeb-4115-b2c2-a883a5f3833c	GET	undefined	/authentication/logout
20230401	16:17:21	3a9f6932-a3ba-49c7-bb9a-1de73269aa8c	GET	undefined	/authentication/logout
20230401	16:17:24	81ab152a-698f-4a8a-95ac-2aa309b37c88	POST	undefined	/authentication/login
20230401	16:17:27	303003ba-ea32-4c8c-ad94-fd467fda81c1	GET	undefined	/authentication/refresh
20230401	16:17:30	b75727d9-7444-40e3-b107-adaaad73d832	GET	undefined	/authentication/logout
20230401	16:36:38	5fead959-a4d8-410b-a09b-1ff594870153	POST	undefined	/authentication/login
20230401	16:36:41	e9250316-5385-457b-b9fb-8811840fd30a	GET	undefined	/authentication/refresh
20230401	16:36:44	71cbbf59-f0b4-471c-b83e-80d033ebb6d1	GET	undefined	/authentication/logout
20230401	16:41:08	3c92453f-8dea-4ede-a372-3a02ec1e02b3	POST	undefined	/authentication/login
20230401	16:41:19	e0a031c3-cb0b-48e6-a90c-73ddeab0b861	POST	undefined	/authentication/login
20230401	16:42:22	df05cdc0-a9a3-416e-a9e9-b084f2bee38c	POST	undefined	/authentication/login
20230401	16:42:26	1136644e-5cfb-4579-aceb-4ce2682f63a3	GET	undefined	/authentication/refresh
20230401	16:42:28	64bf1583-18d0-401e-81af-c90e03a314d7	GET	undefined	/authentication/logout
